android/app/build/outputs/logs/manifest-merger-debug-report.txt
-- Merging decision tree log ---
manifest
ADDED from src/main/AndroidManifest.xml:1:3-36:12
	package
		ADDED from src/main/AndroidManifest.xml:2:5-38
		INJECTED from src/main/AndroidManifest.xml
		INJECTED from src/main/AndroidManifest.xml
	android:versionName
		ADDED from src/main/AndroidManifest.xml:4:5-30
		INJECTED from src/main/AndroidManifest.xml
		INJECTED from src/main/AndroidManifest.xml
	android:versionCode
		ADDED from src/main/AndroidManifest.xml:3:5-28
		INJECTED from src/main/AndroidManifest.xml
		INJECTED from src/main/AndroidManifest.xml
	xmlns:android
		ADDED from src/main/AndroidManifest.xml:1:13-71
uses-permission#android.permission.INTERNET
ADDED from src/main/AndroidManifest.xml:6:5-67
MERGED from [:tslocationmanager:] AndroidManifest.xml:15:5-67
	android:name
		ADDED from src/main/AndroidManifest.xml:6:22-64
uses-permission#android.permission.SYSTEM_ALERT_WINDOW
ADDED from src/main/AndroidManifest.xml:7:5-77
MERGED from [com.facebook.react:react-native:0.42.3] AndroidManifest.xml:11:5-78
	android:name
		ADDED from src/main/AndroidManifest.xml:7:22-75
uses-permission#android.permission.ACCESS_FINE_LOCATION
ADDED from src/main/AndroidManifest.xml:8:5-79
MERGED from [:tslocationmanager:] AndroidManifest.xml:13:5-79
	android:name
		ADDED from src/main/AndroidManifest.xml:8:22-76
uses-sdk
ADDED from src/main/AndroidManifest.xml:11:5-13:41
MERGED from [reacthermesdelivery:react-native-background-geolocation:unspecified] AndroidManifest.xml:7:5-9:41
MERGED from [com.google.android.gms:play-services-location:10.2.6] AndroidManifest.xml:3:5-43
MERGED from [com.google.android.gms:play-services-base:10.2.6] AndroidManifest.xml:17:5-43
MERGED from [com.google.android.gms:play-services-tasks:10.2.6] AndroidManifest.xml:3:5-43
MERGED from [com.google.android.gms:play-services-basement:10.2.6] AndroidManifest.xml:17:5-43
MERGED from [com.android.volley:volley:1.0.0] AndroidManifest.xml:7:5-43
MERGED from [:tslocationmanager:] AndroidManifest.xml:7:5-9:41
MERGED from [com.facebook.react:react-native:0.42.3] AndroidManifest.xml:7:5-9:41
MERGED from [com.android.support:appcompat-v7:23.0.1] AndroidManifest.xml:20:5-43
MERGED from [com.android.support:recyclerview-v7:23.4.0] AndroidManifest.xml:20:5-43
MERGED from [com.facebook.fbui.textlayoutbuilder:textlayoutbuilder:1.0.0] AndroidManifest.xml:14:5-16:41
MERGED from [com.facebook.fresco:fresco:0.11.0] AndroidManifest.xml:5:5-7:41
MERGED from [com.facebook.fresco:drawee:0.11.0] AndroidManifest.xml:5:5-7:41
MERGED from [com.facebook.fresco:imagepipeline-okhttp3:0.11.0] AndroidManifest.xml:5:5-7:41
MERGED from [com.facebook.fresco:imagepipeline:0.11.0] AndroidManifest.xml:5:5-7:41
MERGED from [com.facebook.fresco:imagepipeline-base:0.11.0] AndroidManifest.xml:5:5-7:41
MERGED from [com.android.support:support-v4:25.2.0] AndroidManifest.xml:21:5-23:54
MERGED from [com.android.support:support-fragment:25.2.0] AndroidManifest.xml:21:5-23:60
MERGED from [com.android.support:support-media-compat:25.2.0] AndroidManifest.xml:21:5-23:63
MERGED from [com.android.support:support-core-ui:25.2.0] AndroidManifest.xml:21:5-23:58
MERGED from [com.android.support:support-core-utils:25.2.0] AndroidManifest.xml:21:5-23:61
MERGED from [com.android.support:support-compat:25.2.0] AndroidManifest.xml:21:5-23:58
MERGED from [com.facebook.fresco:fbcore:0.11.0] AndroidManifest.xml:5:5-7:41
MERGED from [com.facebook.soloader:soloader:0.1.0] AndroidManifest.xml:2:3-70
	tools:overrideLibrary
		ADDED from [com.android.support:support-v4:25.2.0] AndroidManifest.xml:23:9-51
	android:targetSdkVersion
		ADDED from src/main/AndroidManifest.xml:13:9-38
		INJECTED from src/main/AndroidManifest.xml
		INJECTED from src/main/AndroidManifest.xml
	android:minSdkVersion
		ADDED from src/main/AndroidManifest.xml:12:9-35
		INJECTED from src/main/AndroidManifest.xml
		INJECTED from src/main/AndroidManifest.xml
application
ADDED from src/main/AndroidManifest.xml:15:5-34:19
MERGED from [reacthermesdelivery:react-native-background-geolocation:unspecified] AndroidManifest.xml:11:5-15:19
MERGED from [com.google.android.gms:play-services-location:10.2.6] AndroidManifest.xml:4:5-19
MERGED from [com.google.android.gms:play-services-base:10.2.6] AndroidManifest.xml:18:5-20:19
MERGED from [com.google.android.gms:play-services-tasks:10.2.6] AndroidManifest.xml:4:5-19
MERGED from [com.google.android.gms:play-services-basement:10.2.6] AndroidManifest.xml:19:5-21:19
MERGED from [com.android.volley:volley:1.0.0] AndroidManifest.xml:9:5-20
MERGED from [:tslocationmanager:] AndroidManifest.xml:25:5-43:19
MERGED from [com.facebook.react:react-native:0.42.3] AndroidManifest.xml:13:5-20
MERGED from [com.android.support:appcompat-v7:23.0.1] AndroidManifest.xml:22:5-20
MERGED from [com.android.support:support-v4:25.2.0] AndroidManifest.xml:25:5-20
MERGED from [com.android.support:support-fragment:25.2.0] AndroidManifest.xml:25:5-20
MERGED from [com.android.support:support-media-compat:25.2.0] AndroidManifest.xml:25:5-20
MERGED from [com.android.support:support-core-ui:25.2.0] AndroidManifest.xml:25:5-20
MERGED from [com.android.support:support-core-utils:25.2.0] AndroidManifest.xml:25:5-20
MERGED from [com.android.support:support-compat:25.2.0] AndroidManifest.xml:25:5-20
MERGED from [com.facebook.soloader:soloader:0.1.0] AndroidManifest.xml:3:3-17
MERGED from [org.webkit:android-jsc:r174650] AndroidManifest.xml:2:3-17
	android:label
		ADDED from src/main/AndroidManifest.xml:18:7-39
	android:supportsRtl
		ADDED from [reacthermesdelivery:react-native-background-geolocation:unspecified] AndroidManifest.xml:14:9-35
	android:allowBackup
		ADDED from src/main/AndroidManifest.xml:17:7-33
	android:icon
		ADDED from src/main/AndroidManifest.xml:19:7-41
	android:theme
		ADDED from src/main/AndroidManifest.xml:20:7-38
	android:name
		ADDED from src/main/AndroidManifest.xml:16:7-38
activity#com.reacthermesdelivery.MainActivity
ADDED from src/main/AndroidManifest.xml:21:7-30:18
	android:label
		ADDED from src/main/AndroidManifest.xml:23:9-41
	android:windowSoftInputMode
		ADDED from src/main/AndroidManifest.xml:25:9-51
	android:configChanges
		ADDED from src/main/AndroidManifest.xml:24:9-79
	android:name
		ADDED from src/main/AndroidManifest.xml:22:9-37
intent-filter#android.intent.action.MAIN+android.intent.category.LAUNCHER
ADDED from src/main/AndroidManifest.xml:26:9-29:25
action#android.intent.action.MAIN
ADDED from src/main/AndroidManifest.xml:27:13-65
	android:name
		ADDED from src/main/AndroidManifest.xml:27:21-62
category#android.intent.category.LAUNCHER
ADDED from src/main/AndroidManifest.xml:28:13-73
	android:name
		ADDED from src/main/AndroidManifest.xml:28:23-70
activity#com.facebook.react.devsupport.DevSettingsActivity
ADDED from src/main/AndroidManifest.xml:31:7-84
	android:name
		ADDED from src/main/AndroidManifest.xml:31:17-81
service#com.reacthermesdelivery.services.HelloWorldTask
ADDED from src/main/AndroidManifest.xml:33:7-112
	android:enabled
		ADDED from src/main/AndroidManifest.xml:33:56-78
	android:label
		ADDED from src/main/AndroidManifest.xml:33:79-109
	android:name
		ADDED from src/main/AndroidManifest.xml:33:16-55
activity#com.google.android.gms.common.api.GoogleApiActivity
ADDED from [com.google.android.gms:play-services-base:10.2.6] AndroidManifest.xml:19:9-172
	android:exported
		ADDED from [com.google.android.gms:play-services-base:10.2.6] AndroidManifest.xml:19:146-170
	android:theme
		ADDED from [com.google.android.gms:play-services-base:10.2.6] AndroidManifest.xml:19:86-145
	android:name
		ADDED from [com.google.android.gms:play-services-base:10.2.6] AndroidManifest.xml:19:19-85
meta-data#com.google.android.gms.version
ADDED from [com.google.android.gms:play-services-basement:10.2.6] AndroidManifest.xml:20:9-121
	android:value
		ADDED from [com.google.android.gms:play-services-basement:10.2.6] AndroidManifest.xml:20:66-119
	android:name
		ADDED from [com.google.android.gms:play-services-basement:10.2.6] AndroidManifest.xml:20:20-65
uses-permission#android.permission.ACCESS_NETWORK_STATE
ADDED from [:tslocationmanager:] AndroidManifest.xml:11:5-79
	android:name
		ADDED from [:tslocationmanager:] AndroidManifest.xml:11:22-76
uses-permission#android.permission.ACCESS_COARSE_LOCATION
ADDED from [:tslocationmanager:] AndroidManifest.xml:12:5-81
	android:name
		ADDED from [:tslocationmanager:] AndroidManifest.xml:12:22-78
uses-permission#android.permission.ACCESS_LOCATION_EXTRA_COMMANDS
ADDED from [:tslocationmanager:] AndroidManifest.xml:14:5-89
	android:name
		ADDED from [:tslocationmanager:] AndroidManifest.xml:14:22-86
uses-permission#android.permission.WAKE_LOCK
ADDED from [:tslocationmanager:] AndroidManifest.xml:16:5-68
	android:name
		ADDED from [:tslocationmanager:] AndroidManifest.xml:16:22-65
uses-permission#com.google.android.gms.permission.ACTIVITY_RECOGNITION
ADDED from [:tslocationmanager:] AndroidManifest.xml:17:5-94
	android:name
		ADDED from [:tslocationmanager:] AndroidManifest.xml:17:22-91
uses-permission#android.permission.RECEIVE_BOOT_COMPLETED
ADDED from [:tslocationmanager:] AndroidManifest.xml:18:5-81
	android:name
		ADDED from [:tslocationmanager:] AndroidManifest.xml:18:22-78
uses-permission#android.permission.GET_TASKS
ADDED from [:tslocationmanager:] AndroidManifest.xml:19:5-68
	android:name
		ADDED from [:tslocationmanager:] AndroidManifest.xml:19:22-65
uses-feature#android.hardware.location.gps
ADDED from [:tslocationmanager:] AndroidManifest.xml:21:5-23:36
	android:required
		ADDED from [:tslocationmanager:] AndroidManifest.xml:23:9-33
	android:name
		ADDED from [:tslocationmanager:] AndroidManifest.xml:22:9-53
service#com.transistorsoft.locationmanager.BackgroundGeolocationService
ADDED from [:tslocationmanager:] AndroidManifest.xml:29:9-99
	android:name
		ADDED from [:tslocationmanager:] AndroidManifest.xml:29:18-96
service#com.transistorsoft.locationmanager.LocationService
ADDED from [:tslocationmanager:] AndroidManifest.xml:30:9-86
	android:name
		ADDED from [:tslocationmanager:] AndroidManifest.xml:30:18-83
service#com.transistorsoft.locationmanager.ActivityRecognitionService
ADDED from [:tslocationmanager:] AndroidManifest.xml:31:9-97
	android:name
		ADDED from [:tslocationmanager:] AndroidManifest.xml:31:18-94
service#com.transistorsoft.locationmanager.geofence.GeofenceService
ADDED from [:tslocationmanager:] AndroidManifest.xml:32:9-95
	android:name
		ADDED from [:tslocationmanager:] AndroidManifest.xml:32:18-92
service#com.transistorsoft.locationmanager.scheduler.ScheduleAlarmService
ADDED from [:tslocationmanager:] AndroidManifest.xml:33:9-101
	android:name
		ADDED from [:tslocationmanager:] AndroidManifest.xml:33:18-98
receiver#com.transistorsoft.locationmanager.BootReceiver
ADDED from [:tslocationmanager:] AndroidManifest.xml:35:9-42:20
	android:name
		ADDED from [:tslocationmanager:] AndroidManifest.xml:35:19-81
intent-filter#android.intent.action.BOOT_COMPLETED
ADDED from [:tslocationmanager:] AndroidManifest.xml:36:13-38:29
action#android.intent.action.BOOT_COMPLETED
ADDED from [:tslocationmanager:] AndroidManifest.xml:37:17-79
	android:name
		ADDED from [:tslocationmanager:] AndroidManifest.xml:37:25-76
intent-filter#android.intent.action.MY_PACKAGE_REPLACED
ADDED from [:tslocationmanager:] AndroidManifest.xml:39:13-41:29
action#android.intent.action.MY_PACKAGE_REPLACED
ADDED from [:tslocationmanager:] AndroidManifest.xml:40:17-84
	android:name
		ADDED from [:tslocationmanager:] AndroidManifest.xml:40:25-81
android:uses-permission#android.permission.WRITE_EXTERNAL_STORAGE
IMPLIED from src/main/AndroidManifest.xml:1:3-36:12 reason: org.webkit.android_jsc has a targetSdkVersion < 4
android:uses-permission#android.permission.READ_PHONE_STATE
IMPLIED from src/main/AndroidManifest.xml:1:3-36:12 reason: org.webkit.android_jsc has a targetSdkVersion < 4
android:uses-permission#android.permission.READ_EXTERNAL_STORAGE
IMPLIED from src/main/AndroidManifest.xml:1:3-36:12 reason: org.webkit.android_jsc requested WRITE_EXTERNAL_STORAGE